# motlist_0.7: list of the motifs found in either of the strains with 70% methylartion rate cutoff
# columns: motif (with the methylated position after a comma), the number of strains, list of strains where the motif is identified.
CATG,2	97	GU1883A,OK185,PIK14_1,F32,HP98,Q_5_6,OK113,GU1871C,OK305,PIK96,BCM-300,Q_5_5,HP88,UM037,OK303,DU1867A,OK311,YN1_139,HP33,OK308,Q_5_2,OK136,OK316,DU1829A,GU1862A,G272,OK314,FDAARGOS_300,HP76,FDAARGOS_298,F225,PIK29,MALT1726C,F227,OK99,PIK95,UM299,YN3_21,HP85,F221,Q_5_17,OK206,HP82,HP77,UM298,YN4_83,PIK93,Q_5_8,PIK2_2,Q_5_9,GU1861C,HP92,HP97,YN1_100,MALT1706C,PIK30,PIK16_1,F233,DU1888A,F216,YN3_77,OK195,F234,OK302,HP89,OK130,F219,PIK17_2,OK312,P12,F93,Q_5_14,PIK14_2,PIK94,OK180,YN1_99,HP34,PIK16_2,HP90,PIK2_1,UM032,OK134,F228,F16,DU1838C,F232,GU1882A,HP91,OK313,F226,HP87,HP32,F235,OK310,26695,OK317,HP37
GATC,2	89	FDAARGOS_298,HP76,GU1862A,G272,OK314,FDAARGOS_300,F227,OK99,PIK95,F225,PIK29,Q_5_17,HP85,UM299,HP77,HP82,OK206,Q_5_6,OK113,GU1871C,OK185,PIK14_1,F32,HP98,OK305,PIK96,Q_5_5,HP88,UM037,OK303,J99,DU1867A,OK136,Q_5_2,OK316,DU1829A,HP33,HP34,PIK16_2,PIK2_1,HP90,UM032,PIK94,OK180,YN1_99,HP91,F228,F16,DU1838C,F232,GU1882A,HP32,F235,26695,OK317,OK310,HP37,UM066,F226,OK313,HP87,Q_5_8,PIK2_2,UM298,PIK93,YN4_83,HP97,YN1_100,MALT1706C,PIK16_1,PIK30,Q_5_9,HP92,OK195,F234,OK302,HP89,DU1888A,F233,YN3_77,F216,Q_5_14,PIK14_2,F219,OK130,PIK17_2,OK312,P12,F93
TCNNGA,6	75	HP90,PIK94,YN1_99,HP32,OK317,OK310,UM066,HP37,OK313,F226,HP87,HP91,F228,F16,DU1838C,F232,GU1882A,HP97,YN1_100,MALT1706C,PIK30,Q_5_9,HP92,Q_5_8,YN4_83,PIK93,Q_5_14,OK130,F219,OK312,P12,F93,OK195,OK302,F234,HP89,F233,DU1888A,YN3_77,F216,F227,OK99,PIK95,F225,PIK29,MALT1726C,HP76,GU1862A,OK314,G272,FDAARGOS_300,HP77,HP82,OK206,HP85,Q_5_17,BCM-300,OK305,PIK96,Q_5_6,GU1871C,GU1883A,F32,HP98,Q_5_2,OK136,OK316,DU1829A,HP33,YN1_139,HP88,Q_5_5,J99,OK303,DU1867A
GANTC,2	72	Q_5_6,GU1871C,PIK14_1,GU1883A,HP98,F32,MALT1785C,OK305,OK311,UM037,HP88,Q_5_5,OK303,J99,Q_5_2,OK136,DU1829A,OK316,HP33,OK308,HP76,G272,OK314,GU1862A,FDAARGOS_300,F227,MALT1726C,PIK29,HP85,Q_5_17,UM299,HP77,HP82,OK206,PIK2_2,Q_5_8,UM298,YN1_100,MALT1706C,HP97,PIK30,PIK16_1,Q_5_9,HP92,HP89,YN3_77,F216,F233,DU1888A,PIK14_2,Q_5_14,PIK17_2,F93,OK312,PIK16_2,UM032,HP90,PIK2_1,YN1_99,HP91,DU1838C,F16,F232,OK317,26695,F235,HP32,HP37,UM066,HP87,OK313,F226
ATTAAT,5	70	HP77,HP82,HP85,YN3_21,UM299,MALT1726C,PIK29,HP76,FDAARGOS_298,FDAARGOS_300,G272,OK314,GU1862A,OK136,HP33,OK311,J99,OK303,DU1867A,UM037,HP88,MALT1785C,OK305,Q_5_6,HP98,F32,PIK14_1,OK185,GU1883A,UM066,HP37,26695,OK310,OK317,HP32,HP87,OK313,HP91,GU1882A,F232,DU1838C,F228,F16,UM032,HP90,PIK2_1,PIK16_2,OK180,PIK14_2,F93,OK312,P12,PIK17_2,F219,OK130,HP89,OK302,F234,OK195,YN3_77,DU1888A,F233,PIK16_1,PIK30,YN1_100,HP97,HP92,GU1861C,PIK2_2,UM298
TGCA,4	63	F227,PIK29,F225,UM032,HP90,HP76,HP34,OK314,G272,OK180,GU1862A,UM066,HP77,HP37,OK317,HP32,HP87,HP82,OK313,HP91,HP85,Q_5_17,F232,YN3_21,DU1838C,UM299,F16,PIK30,YN1_100,MALT1706C,BCM-300,HP97,MALT1785C,HP92,GU1861C,Q_5_9,OK113,Q_5_8,Q_5_6,HP98,UM298,F32,GU1883A,OK185,DU1829A,OK316,Q_5_2,Q_5_14,F93,OK312,OK308,HP33,HP89,F234,OK302,OK303,DU1867A,UM037,YN3_77,Q_5_5,HP88,DU1888A,F233
GAGG,2	55	PIK29,MALT1726C,OK99,GU1862A,OK314,FDAARGOS_300,YN1_99,FDAARGOS_298,PIK16_2,PIK2_1,UM032,OK206,OK313,F226,F235,26695,OK310,UM066,UM299,F228,YN3_21,F232,GU1882A,Q_5_17,OK305,BCM-300,YN1_100,MALT1706C,PIK16_1,PIK30,GU1883A,PIK14_1,UM298,YN4_83,F32,Q_5_6,OK113,PIK2_2,OK130,PIK17_2,P12,F93,Q_5_14,PIK14_2,OK316,Q_5_5,DU1888A,YN3_77,F216,DU1867A,J99,OK311,OK195,OK302,F234
CCGG,1	50	OK206,F226,OK313,UM066,F235,OK310,F232,GU1882A,F16,UM299,DU1838C,Q_5_17,PIK29,MALT1726C,F225,OK99,PIK95,F227,FDAARGOS_300,PIK94,OK314,G272,UM032,Q_5_14,Q_5_2,OK303,DU1867A,DU1888A,Q_5_5,F233,UM037,YN3_77,F216,OK311,OK302,F234,PIK96,Q_5_9,OK305,PIK30,MALT1785C,YN1_100,F32,UM298,PIK93,GU1883A,OK113,Q_5_8,GU1871C,Q_5_6
CTNAG,1	48	F225,PIK29,F227,PIK95,PIK94,OK314,YN1_99,FDAARGOS_298,HP34,HP76,HP90,HP82,OK313,HP87,HP32,OK310,HP77,HP37,F16,F228,DU1838C,F232,GU1882A,HP91,HP85,Q_5_17,PIK96,HP92,HP97,MALT1785C,MALT1706C,PIK30,PIK93,HP98,Q_5_6,OK113,HP33,OK312,OK308,F93,Q_5_14,HP88,F233,Q_5_5,YN3_77,OK311,F234,HP89
GTNNAC,5	36	OK136,Q_5_14,OK130,OK308,OK311,OK195,YN1_139,UM037,F216,Q_5_5,DU1888A,OK303,OK305,Q_5_6,OK113,OK185,F32,PIK93,OK317,OK310,F235,UM066,OK206,OK313,Q_5_17,F228,F16,YN3_21,F227,PIK95,FDAARGOS_298,UM032,G272,OK180,PIK94,YN1_99
CCATC,3	36	DU1888A,UM037,F234,OK130,F219,OK312,Q_5_2,OK316,PIK93,UM298,OK113,Q_5_8,GU1871C,Q_5_9,GU1861C,OK305,PIK96,BCM-300,YN1_100,UM299,F228,DU1838C,F232,GU1882A,OK313,OK310,UM066,PIK94,GU1862A,G272,OK314,FDAARGOS_298,UM032,F225,OK134,PIK95
TCGA,4	36	F235,26695,OK310,OK313,OK206,Q_5_17,UM299,F16,F228,YN3_21,F227,F225,FDAARGOS_298,PIK16_2,PIK2_1,UM032,GU1862A,FDAARGOS_300,Q_5_14,PIK17_2,OK308,F93,OK311,F234,YN1_139,Q_5_5,YN3_77,J99,YN1_100,PIK16_1,GU1861C,Q_5_8,OK113,PIK2_2,GU1883A,F32
GATGG,2	33	F228,UM299,F16,GU1882A,F232,OK313,OK310,UM066,OK314,PIK94,GU1862A,FDAARGOS_298,F225,PIK95,UM037,DU1888A,DU1867A,OK302,F234,OK130,F219,F93,OK136,OK316,GU1883A,F32,UM298,PIK93,OK113,GU1861C,OK305,PIK96,BCM-300
ACNGT,2	32	OK313,UM066,OK317,OK310,F235,DU1838C,UM299,Q_5_17,F225,F227,OK314,G272,UM032,FDAARGOS_298,DU1829A,Q_5_2,Q_5_14,DU1867A,UM037,F216,Q_5_5,F233,DU1888A,OK302,Q_5_9,MALT1706C,MALT1785C,UM298,GU1883A,Q_5_8,OK113,Q_5_6
TCTTC,2	27	OK206,PIK17_2,OK316,Q_5_14,26695,PIK14_2,Q_5_2,OK317,DU1867A,Q_5_5,F216,Q_5_17,OK311,OK302,PIK29,Q_5_9,PIK16_1,PIK30,F227,F32,G272,PIK14_1,PIK2_1,Q_5_8,PIK2_2,PIK16_2,Q_5_6
GAAGA,5	24	YN1_139,Q_5_17,OK311,OK302,DU1867A,Q_5_5,F216,OK316,Q_5_14,PIK14_2,26695,OK317,OK206,PIK17_2,PIK2_1,PIK2_2,Q_5_6,PIK16_2,G272,PIK14_1,PIK16_1,PIK30,F227,PIK29
CRTANNNNNNNTC,4	22	OK134,MALT1706C,F32,YN1_99,Q_5_6,UM032,OK206,F226,OK308,F93,Q_5_14,OK316,F228,UM299,Q_5_5,DU1888A,DU1838C,F232,YN3_21,OK311,YN1_139,Q_5_17
GANNNNNNNTAYG,2	21	Q_5_6,UM032,F32,YN1_99,Q_5_14,OK316,F226,OK206,OK308,F93,OK311,F234,Q_5_17,YN1_139,UM299,DU1888A,Q_5_5,F228,DU1838C,YN3_21,F232
CRTAANNNNNNTC,4	18	HP33,HP82,HP87,HP32,HP37,HP77,HP88,OK188,HP89,HP91,HP85,OK306,HP92,HP97,OK212,HP98,HP76,HP90
GTAC,3	18	F32,FDAARGOS_300,G272,OK113,Q_5_8,Q_5_6,F227,F232,J99,OK303,DU1888A,F16,Q_5_17,P12,OK130,OK313,UM066,Q_5_14
GAGGV,2	15	HP98,HP88,HP90,HP89,HP91,HP85,HP76,HP92,HP33,HP82,HP87,HP37,HP77,HP97,HP32
TTAANNNNGTC,3	15	HP88,HP98,HP76,HP85,HP91,HP89,HP90,HP87,HP82,HP33,HP92,HP32,HP97,HP37,HP77
CCNNGG,1	14	Q_5_5,F16,F233,GU1883A,FDAARGOS_300,J99,Q_5_6,Q_5_17,OK113,MALT1706C,OK317,F235,MALT1785C,Q_5_14
CTAANNNNNNNTTG,3	11	HP76,HP85,HP91,HP89,HP90,HP88,HP98,HP77,HP37,HP82,HP92
GAAGG,3	9	F226,P12,26695,Q_5_14,Q_5_5,DU1888A,YN1_99,Q_5_6,Q_5_17
TCANNNNNNTRG,3	8	Q_5_6,Q_5_8,Q_5_17,FDAARGOS_300,Q_5_14,Q_5_2,PIK30,Q_5_9
CGCGCNY,1	8	F234,GU1882A,DU1838C,F233,MALT1785C,Q_5_14,F235,F225
GAAAG,4	8	MALT1785C,F219,F225,OK195,UM032,UM299,UM037,UM298
DGAAGG,4	7	PIK16_2,PIK14_2,PIK16_1,PIK2_2,PIK2_1,PIK17_2,PIK14_1
GAATTC,3	7	GU1871C,BCM-300,OK195,OK136,P12,F219,OK314
ACANNNNNNNNTAG,3	7	26695,PIK16_2,PIK14_2,PIK2_1,PIK16_1,PIK2_2,PIK14_1
CTANNNNNNNNTGT,3	7	26695,PIK16_2,PIK14_2,PIK2_1,PIK16_1,PIK2_2,PIK14_1
CGRAG,4	7	OK308,F232,OK303,F16,DU1838C,F234,OK136
GNCRGA,6	7	OK303,GU1882A,GU1861C,YN1_139,OK113,OK317,FDAARGOS_298
CYANNNNNNTGA,3	7	PIK30,Q_5_17,Q_5_2,Q_5_6,Q_5_14,FDAARGOS_300,Q_5_9
GMRGA,5	7	Q_5_2,HP76,Q_5_8,HP89,Q_5_9,OK130,GU1862A
GATGCA,2	7	GU1862A,OK313,F225,DU1867A,OK302,F234,OK113
TGCAA,4	6	OK144,OK188,YN4_125,OK304,OK212,OK168
GCAG,3	6	PIK17_2,PIK14_1,26695,PIK14_2,PIK2_2,PIK2_1
GCRGA,5	6	OK136,MALT1706C,DU1829A,OK314,GU1883A,F16
CAANNNNNNNTTG,3	6	Q_5_17,PIK95,OK311,PIK93,PIK96,PIK94
GAAAAG,5	6	G272,PIK29,F235,F234,OK302,PIK30
TCNGA,5	6	UM032,UM066,UM298,YN4_83,YN3_77,UM299
TCNNGAA,6	6	OK304,OK212,OK168,OK144,OK188,YN4_125
CGRAT,4	5	F226,OK185,OK180,MALT1726C,26695
GAANNNNNNTAYG,2	5	HP32,OK188,HP33,HP87,OK306
TCGAAV,4	5	HP97,HP90,OK304,T_2064,HP98
CYANNNNNNNTRG,3	4	UM032,UM298,UM299,GU1862A
CGWCG,4	4	FDAARGOS_300,J99,G272,UM066
GCGGAM,5	4	PIK95,PIK96,PIK93,PIK94
CGRAK,4	4	PIK95,PIK94,PIK93,PIK96
CAAAC,4	4	Q_5_2,UM066,Q_5_8,Q_5_9
GACNNNNNTAA,2	4	PIK96,PIK93,PIK94,PIK95
GAATC,2	4	T_2064,OK188,OK304,OK212
GCAGA,5	4	PIK93,PIK96,PIK94,PIK95
TTANNNNNGTC,3	4	PIK95,PIK94,PIK96,PIK93
GAANNNNNNNTTG,3	3	GU1871C,OK302,F216
GNGRGA,6	3	P12,F227,OK99
GGRGA,5	3	YN3_21,DU1838C,OK310
CGAAG,4	3	OK130,GU1883A,GU1862A
CYANNNNNNTRG,3	3	Q_5_2,Q_5_5,PIK29
CTANNNNNNNNTTG,3	3	F16,F234,GU1871C
CCTAA,5	3	Q_5_14,Q_5_6,Q_5_17
GCTCNA,6	3	Q_5_9,YN1_99,Q_5_6
TCGAA,4	3	HP85,YN4_125,OK306
GAGGA,2	3	Q_5_8,DU1838C,G272
GAAGAA,5	3	OK304,OK188,T_2064
RTAYNNNNNRTAY,3	3	J99,OK134,OK311
GWCAYH,4	3	Q_5_9,F226,FDAARGOS_300
GGCAA,5	3	UM037,F216,F235
GCCTA,5	3	J99,FDAARGOS_300,OK313
CAANNNNNNNNTAG,3	3	GU1871C,F234,F16
GGRCA,5	3	F228,OK206,DU1867A
GWCACG,4	3	F226,Q_5_9,FDAARGOS_300
CAANNNNNNNTTC,3	3	F216,OK302,GU1871C
RCANNNNNNTGY,3	3	OK134,F219,OK130
DNNTCGAAS,7	3	HP88,HP33,HP87
GTSAC,4	3	OK113,BCM-300,J99
RGANNNNNNTCY,3	3	OK311,PIK94,PIK93
CCRAG,4	2	OK311,F32
CAANNNNNNNRTC,3	2	Q_5_2,Q_5_6
CAGC,2	2	F16,MALT1726C
CMANNNNNNNRTC,3	2	Q_5_8,Q_5_9
CTTTANNNNNNCTT,5	2	J99,FDAARGOS_300
CCAAK,4	2	GU1883A,F228
CACAG,4	2	YN4_83,YN3_21
AAGNNNNNNTGG,2	2	OK180,OK185
AAGNNNNNNCTC,2	2	FDAARGOS_300,J99
CACNNNNNNTC,2	2	DU1829A,F227
CGWCNA,6	2	YN1_139,OK206
GATGAA,6	2	OK180,OK185
GNCCTA,6	2	DU1888A,F93
GAANNNNNNNTAG,3	2	UM066,F93
GANNNNNNGTG,2	2	F227,DU1829A
RGANNNNNNNTCY,3	2	F32,F225
AAGNNNNNNTAAAG,2	2	FDAARGOS_300,J99
AAGNNNNNCTT,2	2	J99,FDAARGOS_300
GAYDNNNNNNTTG,2	2	Q_5_6,Q_5_2
CAANNNNNNNNTTG,3	2	DU1888A,DU1838C
AAGNNNNNNTTG,2	2	MALT1726C,GU1862A
DDNNTCGAAS,8	2	HP89,HP76
GTGGNAGTNGGNAG,13	1	UM037
GTGGNAGTNGGNAG,6	1	UM037
CRTANNNNNNRTTT,4	2	G272,YN3_77
CCANNNNNNCTT,3	2	OK180,OK185
CGACNA,6	2	Q_5_8,Q_5_2
TCGAVM,4	2	Q_5_2,Q_5_9
TCNGAA,5	2	OK212,OK304
CAANNNNNNNTGG,3	2	F219,OK314
CCANNNNNNNTTG,3	2	F219,OK314
CRTCNA,6	2	Q_5_8,Q_5_2
CAANNNNNNRTC,3	2	Q_5_2,Q_5_8
RTAYNNNNNRTG,3	2	Q_5_17,Q_5_14
CAANNNNNNCTT,3	2	MALT1726C,GU1862A
CTANNNNNNNTTC,3	2	UM066,F93
CTRYAG,5	2	F225,F226
CGWCNAA,6	1	OK144
CCANNNNNNNRTC,3	1	Q_5_14
ACAANNNNNNTAG,3	1	OK306
CTANNNNNNNNTTC,3	1	P12
CCAANNNNNNTAG,3	1	OK144
GAYDNNNNNNTKG,2	1	Q_5_8
CANNNNNGTC,2	1	OK308
MCATC,3	1	BCM-300
GRRGANA,5	1	OK134
ACANNNNNNRTAY,3	1	F32
CCAAA,5	1	OK308
GAANNNNNNNNTTG,3	1	F234
GATCGA,6	1	OK136
CRTTAA,6	1	Q_5_8
GGDNNAC,6	1	OK302
RTAYNNNNNNNTTG,3	1	Q_5_6
CCTAT,4	1	F235
CCTCNA,6	1	F232
TCNNGAANNNNNG,6	1	Qsc35
CCANNNNNNCCTC,3	1	OK313
GGCAAA,5	1	OK306
VGCAG,4	1	Q_5_17
YGAYDNNNNRTG,3	1	Q_5_5
CRTANNNNNNNWC,4	1	F234
YCGRATD,5	1	PIK16_2
AAGNNNNNNNTGG,2	1	OK313
GACC,2	1	P12
VRCANNNNNNTGY,4	1	OK180
GAANNNNNNNNTGT,3	1	OK310
DCANNNNNNTGH,3	1	DU1838C
CCANNNNNNRTC,3	1	Q_5_14
GAGHNNNNNCTT,2	1	FDAARGOS_300
CCAANNNNNNNTTG,3	1	OK144
GANANNNNNTAYG,2	1	OK134
GGWCDAA,6	1	OK306
GCGTA,5	1	26695
CTANNNNNNNNTGG,3	1	GU1883A
TCNNGANA,6	1	OK134
GAYNNNNNRTAY,2	1	F32
CYAANNNNNNTAYC,3	1	OK144
GCGTAA,5	1	T_2064
GNGRCA,6	1	GU1871C
CTTTAANNNNNTTA,5	1	OK212
CAGNNNNNTC,2	1	UM066
DTCGA,5	1	Q_5_6
VGCANNNNNNNNTGG,4	1	OK313
DGANHNNNNNTAGGC,3	1	OK313
DNNTCGAAV,7	1	HP32
GAYDNNNNNTTGH,2	1	Q_5_8
GANDNNNNNTAYG,2	1	MALT1706C
CCANNNNNNNTTC,3	1	OK303
GSTTGA,6	1	PIK93
GAAAAGG,4	1	OK144
CCCA,4	1	OK302
GAAANNNNNNGTT,3	1	OK212
CANNNNNNTAAAG,2	1	DU1888A
CSAG,3	1	F232
CTAANNNNNNTGG,3	1	OK144
GAAGAANNNNNG,5	1	Qsc35
GAAGAAAAA,6	1	YN1_139
GAGHNNNNGTG,2	1	YN4_83
GAYNNNGATGA,8	1	OK113
GAANNNNNNTGY,3	1	F93
GAYWNNNNNNTKG,2	1	Q_5_9
RGANNNNNNTGA,3	1	PIK96
GAANNNNNNNTTC,3	1	GU1883A
GNCATH,4	1	F225
GGWTAA,6	1	J99
ACGCAANNNNNG,5	1	Qsc35
HNVGAGG,5	1	F227
GAANNNNNNTADC,3	1	F233
RTAYNNNNNNRTC,3	1	Q_5_6
GTNNACNNNNNG,5	1	YN4_83
TCGAAS,4	1	HP77
GAANNNNNNNDTC,3	1	YN3_21
DGCGCA,6	1	F225
VCGRAG,5	1	UM298
GAYDNNNNTGA,2	1	OK113
RTAYNNNNNNTGT,3	1	F32
GAYDDNNNNTTG,2	1	Q_5_2
TCANNNNNNTCY,3	1	PIK96
GCAAT,4	1	YN1_99
ACAANNNNNNNTAG,3	1	T_2064
GAANNNNNNNNTAG,3	1	P12
CCGK,1	1	OK316
GAGNNNNNNCTT,2	1	J99
TCATCNNGA,3	1	G272
GNGRCAH,6	1	OK308
HNNCSAG,6	1	OK308
DNNNTCGAAS,8	1	HP91
CYANNNNNNTCC,3	1	FDAARGOS_298
GRTANNNNNNNTTNYC,4	1	P12
CGAATC,4	1	G272
RCANNNNNNTCC,3	1	UM037
CCANNNNNNNTC,3	1	OK313
ATTAATNNNNNG,5	1	YN4_83
ACANNNNNNNNTTC,3	1	OK310
BCGTTAT,6	1	OK313
CCANNNNNNTAA,3	1	Q_5_9
CTANNNNNNNTGT,3	1	DU1829A
GGANNNNNNTRG,3	1	FDAARGOS_298
CAAAG,4	1	OK206
CAYHNNNNRTMB,2	1	Q_5_5
AGGAG,4	1	BCM-300
GRNAANNNNNNNTAYC,5	1	P12
GAASC,3	1	G272
GRRGA,5	1	F32
GAYC,2	1	BCM-300
CCTAG,4	1	DU1867A
GNGRCAA,6	1	OK306
GGANNNNNNTGY,3	1	UM037
CCVAG,4	1	GU1882A
CCANNNNNNNNTGC,3	1	OK313
GAYNNNNNNNTTC,2	1	YN3_21
ACANNNNNNNTAG,3	1	DU1829A
GANNNNNGTG,2	1	F226
GANNNNNNNTGG,2	1	OK313
AGGAGHD,4	1	YN1_100
GNHCSAG,6	1	OK308
CAAANNNNNNNTGG,3	1	OK144
AAAYNNNNNNTAYG,3	1	G272
CTVYAG,5	1	YN3_77
TCANNNNNRTC,3	1	OK113
TCTANNNNNNNTTC,4	1	MALT1785C
GRAGG,3	1	UM037
AACNNNNNNGTT,2	1	DU1888A
RCANNNNNNNTGY,3	1	OK314
CMANNNNNNNNTKG,3	1	OK308
CRTANNNNNNRTAA,4	1	OK302
CAAHNNNNNDTTG,3	1	MALT1726C
VRCANNNNNNTTC,4	1	F93
CAANNNNNNNNTTC,3	1	F234
CCNNGR,1	1	F225
GANNNNNCTG,2	1	UM066
GGAGNAR,6	1	OK113
CYYANNNNNNNNTGG,4	1	OK99
GCRGAA,5	1	OK168
GACCNNNRTC,2	1	G272
CACNNNNNTAY,2	1	F225
TAAANNNNNTAAAG,3	1	OK212
CTAANNNNNNNTGT,3	1	T_2064
GACY,2	1	BCM-300
TAAANNNNNGTRRG,3	1	Qsc35
GTNHAC,5	1	OK134
TCGANNNNNNG,4	1	YN4_83
TCGAVV,4	1	G272
TCGANA,4	1	OK134
GCRGAV,5	1	MALT1726C
GAANNNNNNNTGG,3	1	OK303
VNTCGATA,6	1	G272
TNGCCGCCNHA,1	1	OK179
VRCANNNNNNTAC,4	1	DU1829A
RTANNNNNGTG,3	1	F225
GAANNNNNNNTAGA,3	1	MALT1785C
GNCRCAHNNNNNG,6	1	YN4_83
SCGAACD,5	1	G272
WGCGCANH,6	1	F232
GANNNNNNSATGG,2	1	OK313
CYANNNNNNTAG,3	1	Q_5_8
GANNNNNNTGC,2	1	Q_5_17
RKAYNNNNNRTG,3	1	Q_5_5
CAAANNNNNNCTC,3	1	OK212
HAWGCGCAH,8	1	Q_5_17
CCANNNNNNNNTTC,3	1	F228
HGAGGH,3	1	UM037
HCGGAGH,5	1	OK130
GATGAAANNNNNG,6	1	Qsc35
GACNNNNNTG,2	1	OK308
CAYHNNNNRTAY,2	1	Q_5_17
AAGNNNNNNCTT,2	1	DU1838C
GTANNNNNNTGY,3	1	DU1829A
GRRGAA,5	1	YN4_125
CCBAT,4	1	DU1829A
TCNGAANNNNNG,5	1	Qsc35
CCANNNNNNNNTRRG,3	1	OK99
VGCAHHNNNNTC,4	1	Q_5_17
GCGWYAG,6	1	OK308
DCCATC,4	1	OK302
YGAAT,4	1	GU1862A
CTAANNNNNNTGT,3	1	OK306
CGRAKD,4	1	G272
CGRAR,4	1	GU1861C
CAYHNNNNRTCA,2	1	Q_5_5
GHTANNNNNNTTC,4	1	F233
CTTTANNNNNNTG,5	1	DU1888A
HGATGWC,3	1	F225
CRTANNNNNNTTTA,4	1	OK136
VCGGAGCND,5	1	G272
CGCAA,5	1	F16
TCAG,3	1	DU1888A
TCGANTD,4	1	G272
GCAGATW,5	1	MALT1726C
GAYDDNNRTC,2	1	G272
CCANNNNNNNNTRG,3	1	GU1883A
GAATCNNNG,2	1	Qsc35
GAANNNNNNNNTGG,3	1	F228
CRTYGA,6	1	F93
GAKGG,2	1	UM037
WCGAG,4	1	F233
DTCGANDD,5	1	YN1_99
CCANNNNNNNCTT,3	1	OK313
TCGAHDD,4	1	F233
CAANNNNNNNRTAB,3	1	F16
VTAYNNNNNNNTTG,3	1	F16
TAAANNNNNNTAYG,3	1	OK136
CGWTGA,6	1	F227
GGWCNAANNNNNG,6	1	Qsc35
CACAC,4	1	OK314
CYANNNNNNTGR,3	1	Q_5_8
GDRNNAG,6	1	OK308
CACATW,4	1	BCM-300
GANNNNNGCGC,2	1	F226
HATTAAT,6	1	F235
CNNGNAG,6	1	YN3_21
TGNCCAAGANNNNNNA,1	1	YN1_92
RGANNNNNNNTSY,3	1	OK308
GAYDNNNNNNTGG,2	1	Q_5_14
GTGACR,4	1	BCM-300
CCGRAG,5	1	UM299
CACNNNNNTC,2	1	F226
VCGRGA,6	1	OK305
